\BOOKMARK [0][-]{chapter*.1}{\376\377\144\130\211\201}{}% 1
\BOOKMARK [0][-]{chapter*.2}{\376\377\000A\000b\000s\000t\000r\000a\000c\000t}{}% 2
\BOOKMARK [0][-]{toc.0}{\376\377\166\356\137\125}{}% 3
\BOOKMARK [1][-]{toc1.1}{\376\377\166\356\137\125}{toc.0}% 4
\BOOKMARK [1][-]{toc2.1}{\376\377\143\322\126\376\166\356\137\125}{toc.0}% 5
\BOOKMARK [1][-]{toc3.1}{\376\377\210\150\150\074\166\356\137\125}{toc.0}% 6
\BOOKMARK [0][-]{chapter*.6}{\376\377\116\073\211\201\173\046\123\367\133\371\161\147\210\150}{}% 7
\BOOKMARK [0][-]{chapter*.8}{\376\377\202\361\145\207\177\051\165\145\213\315}{}% 8
\BOOKMARK [0][-]{chapter.1}{\376\377\0001\000\040\176\352\213\272}{}% 9
\BOOKMARK [1][-]{section.1.1}{\376\377\0001\000.\0001\000\040\170\024\172\166\200\314\146\157\124\214\141\017\116\111}{chapter.1}% 10
\BOOKMARK [1][-]{section.1.2}{\376\377\0001\000.\0002\000\040\126\375\121\205\131\026\170\024\172\166\163\260\162\266}{chapter.1}% 11
\BOOKMARK [1][-]{section.1.3}{\376\377\0001\000.\0003\000\040\147\054\145\207\166\204\116\073\211\201\135\345\117\134\124\214\121\205\133\271\133\211\143\222}{chapter.1}% 12
\BOOKMARK [0][-]{chapter.2}{\376\377\0002\000\040\000R\000O\000S\174\373\176\337\116\016\131\032\152\041\140\001\162\171\137\201\207\215\124\010\166\204\131\032\116\373\122\241\133\146\116\140\116\313\176\315}{}% 13
\BOOKMARK [1][-]{section.2.1}{\376\377\0002\000.\0001\000\040\137\025\212\000}{chapter.2}% 14
\BOOKMARK [1][-]{section.2.2}{\376\377\0002\000.\0002\000\040\000R\000O\000S\147\072\126\150\116\272\144\315\117\134\174\373\176\337}{chapter.2}% 15
\BOOKMARK [2][-]{subsection.2.2.1}{\376\377\0002\000.\0002\000.\0001\000\040\000R\000O\000S\174\373\176\337\147\266\147\204}{section.2.2}% 16
\BOOKMARK [2][-]{subsection.2.2.2}{\376\377\0002\000.\0002\000.\0002\000\040\000R\000O\000S\213\335\230\230\220\032\117\341\147\072\122\066}{section.2.2}% 17
\BOOKMARK [1][-]{section.2.3}{\376\377\0002\000.\0003\000\040\147\072\126\150\116\272\116\377\167\037\152\041\127\213\116\016\124\004\152\041\127\127\116\313\176\315}{chapter.2}% 18
\BOOKMARK [2][-]{subsection.2.3.1}{\376\377\0002\000.\0003\000.\0001\000\040\147\072\126\150\116\272\217\320\122\250\152\041\127\213}{section.2.3}% 19
\BOOKMARK [2][-]{subsection.2.3.2}{\376\377\0002\000.\0003\000.\0002\000\040\201\352\116\073\133\232\117\115\152\041\127\127}{section.2.3}% 20
\BOOKMARK [2][-]{subsection.2.3.3}{\376\377\0002\000.\0003\000.\0003\000\040\000R\000G\000B\000D\166\370\147\072\152\041\127\127}{section.2.3}% 21
\BOOKMARK [1][-]{section.2.4}{\376\377\0002\000.\0004\000\040\127\372\116\216\131\032\152\041\140\001\162\171\137\201\207\215\124\010\166\204\131\032\116\373\122\241\133\146\116\140}{chapter.2}% 22
\BOOKMARK [2][-]{subsection.2.4.1}{\376\377\0002\000.\0004\000.\0001\000\040\131\032\152\041\140\001\133\146\116\140}{section.2.4}% 23
\BOOKMARK [2][-]{subsection.2.4.2}{\376\377\0002\000.\0004\000.\0002\000\040\131\032\116\373\122\241\133\146\116\140}{section.2.4}% 24
\BOOKMARK [1][-]{section.2.5}{\376\377\0002\000.\0005\000\040\147\054\172\340\134\017\176\323}{chapter.2}% 25
\BOOKMARK [0][-]{chapter.3}{\376\377\0003\000\040\127\372\116\216\131\032\152\041\140\001\162\171\137\201\207\215\124\010\166\204\116\244\220\032\166\356\150\007\150\300\155\113\116\016\123\357\210\114\232\166\123\072\127\337\122\006\122\162}{}% 26
\BOOKMARK [1][-]{section.3.1}{\376\377\0003\000.\0001\000\040\137\025\212\000}{chapter.3}% 27
\BOOKMARK [1][-]{section.3.2}{\376\377\0003\000.\0002\000\040\131\032\152\041\140\001\162\171\137\201\207\215\124\010\152\041\127\213\000H\000y\000b\000r\000i\000d\000N\000e\000t\000s\000-\000C\000L\000I\000P}{chapter.3}% 28
\BOOKMARK [2][-]{subsection.3.2.1}{\376\377\0003\000.\0002\000.\0001\000\040\131\032\116\373\122\241\133\146\116\140\152\041\127\213\000H\000y\000b\000r\000i\000d\000N\000e\000t\000s}{section.3.2}% 29
\BOOKMARK [2][-]{subsection.3.2.2}{\376\377\0003\000.\0002\000.\0002\000\040\145\207\133\127\143\320\171\072\152\041\127\213\000C\000L\000I\000P}{section.3.2}% 30
\BOOKMARK [2][-]{subsection.3.2.3}{\376\377\0003\000.\0002\000.\0003\000\040\207\215\124\010\145\207\133\127\143\320\171\072\124\214\126\376\120\317\166\204\152\041\127\213\000H\000y\000b\000r\000i\000d\000N\000e\000t\000s\000-\000C\000L\000I\000P}{section.3.2}% 31
\BOOKMARK [1][-]{section.3.3}{\376\377\0003\000.\0003\000\040\127\372\116\216\131\032\152\041\140\001\162\171\137\201\207\215\124\010\166\204\116\244\220\032\166\356\150\007\150\300\155\113\116\016\123\357\210\114\232\166\123\072\127\337\122\006\122\162\133\236\232\214}{chapter.3}% 32
\BOOKMARK [2][-]{subsection.3.3.1}{\376\377\0003\000.\0003\000.\0001\000\040\145\160\143\156\226\306\122\066\117\134}{section.3.3}% 33
\BOOKMARK [2][-]{subsection.3.3.2}{\376\377\0003\000.\0003\000.\0002\000\040\152\041\127\213\213\255\176\303}{section.3.3}% 34
\BOOKMARK [2][-]{subsection.3.3.3}{\376\377\0003\000.\0003\000.\0003\000\040\133\236\232\214\176\323\147\234\133\371\153\324}{section.3.3}% 35
\BOOKMARK [1][-]{section.3.4}{\376\377\0003\000.\0004\000\040\147\054\172\340\134\017\176\323}{chapter.3}% 36
\BOOKMARK [0][-]{chapter.4}{\376\377\0004\000\040\127\372\116\216\155\361\136\246\137\072\123\026\133\146\116\140\124\214\000R\000O\000S\166\204\147\072\126\150\116\272\133\374\202\052\174\373\176\337\213\276\213\241}{}% 37
\BOOKMARK [1][-]{section.4.1}{\376\377\0004\000.\0001\000\040\137\025\212\000}{chapter.4}% 38
\BOOKMARK [1][-]{section.4.2}{\376\377\0004\000.\0002\000\040\127\372\116\216\155\361\136\246\137\072\123\026\133\146\116\140\166\204\147\072\126\150\116\272\133\374\202\052\173\227\154\325\213\276\213\241}{chapter.4}% 39
\BOOKMARK [2][-]{subsection.4.2.1}{\376\377\0004\000.\0002\000.\0001\000\040\122\250\117\134\172\172\225\364\116\016\162\266\140\001\172\172\225\364\213\276\213\241}{section.4.2}% 40
\BOOKMARK [2][-]{subsection.4.2.2}{\376\377\0004\000.\0002\000.\0002\000\040\155\361\136\246\137\072\123\026\133\146\116\140\152\041\127\213\213\276\213\241}{section.4.2}% 41
\BOOKMARK [2][-]{subsection.4.2.3}{\376\377\0004\000.\0002\000.\0003\000\040\155\361\136\246\137\072\123\026\133\146\116\140\152\041\127\213\213\255\176\303}{section.4.2}% 42
\BOOKMARK [1][-]{section.4.3}{\376\377\0004\000.\0003\000\040\147\054\172\340\134\017\176\323}{chapter.4}% 43
\BOOKMARK [0][-]{chapter.5}{\376\377\0005\000\040\147\072\126\150\116\272\215\357\137\204\133\374\202\052\174\373\176\337\155\113\213\325}{}% 44
\BOOKMARK [1][-]{section.5.1}{\376\377\0005\000.\0001\000\040\137\025\212\000}{chapter.5}% 45
\BOOKMARK [1][-]{section.5.2}{\376\377\0005\000.\0002\000\040\000R\000O\000S\147\072\126\150\116\272\174\373\176\337\220\032\117\341\176\323\147\204\213\276\213\241}{chapter.5}% 46
\BOOKMARK [1][-]{section.5.3}{\376\377\0005\000.\0003\000\040\000G\000a\000z\000e\000b\000o\206\132\142\337\163\257\130\203\147\072\126\150\116\272\116\377\167\037\213\325\232\214}{chapter.5}% 47
\BOOKMARK [1][-]{section.5.4}{\376\377\0005\000.\0004\000\040\147\054\172\340\134\017\176\323}{chapter.5}% 48
\BOOKMARK [0][-]{chapter*.10}{\376\377\176\323\213\272}{}% 49
\BOOKMARK [0][-]{section*.11}{\376\377\123\302\200\003\145\207\163\056}{}% 50
\BOOKMARK [0][-]{chapter*.12}{\376\377\145\073\213\373\170\125\130\353\133\146\117\115\147\037\225\364\123\326\137\227\166\204\170\024\172\166\142\020\147\234}{}% 51
\BOOKMARK [0][-]{chapter*.14}{\376\377\201\364\214\042}{}% 52
